Build started 06.03.2015 22:01:57.
     1>Project "d:\documents\visual studio 2013\Projects\CV\CV\CV.vcxproj" on node 2 (Build target(s)).
     1>Link:
         C:\Program Files (x86)\Microsoft Visual Studio 12.0\VC\bin\link.exe /ERRORREPORT:PROMPT /OUT:"d:\Documents\Visual Studio 2013\Projects\CV\Debug\CV.exe" /INCREMENTAL /NOLOGO /LIBPATH:C:\OpenCV\opencv\build\x64\vc12\lib opencv_core249d.lib opencv_imgproc249d.lib opencv_highgui249d.lib opencv_ml249d.lib opencv_video249d.lib opencv_features2d249d.lib opencv_calib3d249d.lib opencv_objdetect249d.lib opencv_contrib249d.lib opencv_legacy249d.lib opencv_flann249d.lib kernel32.lib user32.lib gdi32.lib winspool.lib comdlg32.lib advapi32.lib shell32.lib ole32.lib oleaut32.lib uuid.lib odbc32.lib odbccp32.lib /MANIFEST /MANIFESTUAC:"level='asInvoker' uiAccess='false'" /manifest:embed /DEBUG /PDB:"d:\Documents\Visual Studio 2013\Projects\CV\Debug\CV.pdb" /SUBSYSTEM:CONSOLE /TLBID:1 /DYNAMICBASE /NXCOMPAT /IMPLIB:"d:\Documents\Visual Studio 2013\Projects\CV\Debug\CV.lib" /MACHINE:X64 Debug\tracking.obj
     1>Debug\tracking.obj : fatal error LNK1112: module machine type 'X86' conflicts with target machine type 'x64'
     1>Done Building Project "d:\documents\visual studio 2013\Projects\CV\CV\CV.vcxproj" (Build target(s)) -- FAILED.

Build FAILED.

Time Elapsed 00:00:00.08
